[0.624s] Invoking command in '/home/changeme/lab2_ws/src/safety_pkg': PYTHONPATH=/home/changeme/lab2_ws/src/build/safety_pkg/prefix_override:/usr/lib/python3/dist-packages/colcon_core/task/python/colcon_distutils_commands:/home/changeme/lab2_ws/src/install/safety_pkg/lib/python3.8/site-packages:${PYTHONPATH} /usr/bin/python3 -W ignore:setup.py install is deprecated setup.py egg_info --egg-base ../build/safety_pkg build --build-base /home/changeme/lab2_ws/src/build/safety_pkg/build install --record /home/changeme/lab2_ws/src/build/safety_pkg/install.log --install-scripts $base/lib/safety_pkg --single-version-externally-managed install_data
[0.816s] running egg_info
[0.817s] creating ../build/safety_pkg/safety_pkg.egg-info
[0.817s] writing ../build/safety_pkg/safety_pkg.egg-info/PKG-INFO
[0.817s] writing dependency_links to ../build/safety_pkg/safety_pkg.egg-info/dependency_links.txt
[0.817s] writing entry points to ../build/safety_pkg/safety_pkg.egg-info/entry_points.txt
[0.818s] writing requirements to ../build/safety_pkg/safety_pkg.egg-info/requires.txt
[0.818s] writing top-level names to ../build/safety_pkg/safety_pkg.egg-info/top_level.txt
[0.820s] writing manifest file '../build/safety_pkg/safety_pkg.egg-info/SOURCES.txt'
[0.846s] reading manifest file '../build/safety_pkg/safety_pkg.egg-info/SOURCES.txt'
[0.846s] writing manifest file '../build/safety_pkg/safety_pkg.egg-info/SOURCES.txt'
[0.846s] running build
[0.846s] running build_py
[0.847s] creating /home/changeme/lab2_ws/src/build/safety_pkg/build
[0.847s] creating /home/changeme/lab2_ws/src/build/safety_pkg/build/lib
[0.847s] creating /home/changeme/lab2_ws/src/build/safety_pkg/build/lib/safety_pkg
[0.847s] copying safety_pkg/pure_pursuit.py -> /home/changeme/lab2_ws/src/build/safety_pkg/build/lib/safety_pkg
[0.847s] copying safety_pkg/__init__.py -> /home/changeme/lab2_ws/src/build/safety_pkg/build/lib/safety_pkg
[0.847s] copying safety_pkg/wall_follow.py -> /home/changeme/lab2_ws/src/build/safety_pkg/build/lib/safety_pkg
[0.847s] copying safety_pkg/safety_node.py -> /home/changeme/lab2_ws/src/build/safety_pkg/build/lib/safety_pkg
[0.895s] copying safety_pkg/gap_follow.py -> /home/changeme/lab2_ws/src/build/safety_pkg/build/lib/safety_pkg
[0.896s] running install
[0.896s] running install_lib
[0.897s] creating /home/changeme/lab2_ws/src/install/safety_pkg/lib/python3.8/site-packages/safety_pkg
[0.897s] copying /home/changeme/lab2_ws/src/build/safety_pkg/build/lib/safety_pkg/pure_pursuit.py -> /home/changeme/lab2_ws/src/install/safety_pkg/lib/python3.8/site-packages/safety_pkg
[0.898s] copying /home/changeme/lab2_ws/src/build/safety_pkg/build/lib/safety_pkg/__init__.py -> /home/changeme/lab2_ws/src/install/safety_pkg/lib/python3.8/site-packages/safety_pkg
[0.898s] copying /home/changeme/lab2_ws/src/build/safety_pkg/build/lib/safety_pkg/wall_follow.py -> /home/changeme/lab2_ws/src/install/safety_pkg/lib/python3.8/site-packages/safety_pkg
[0.898s] copying /home/changeme/lab2_ws/src/build/safety_pkg/build/lib/safety_pkg/safety_node.py -> /home/changeme/lab2_ws/src/install/safety_pkg/lib/python3.8/site-packages/safety_pkg
[0.898s] copying /home/changeme/lab2_ws/src/build/safety_pkg/build/lib/safety_pkg/gap_follow.py -> /home/changeme/lab2_ws/src/install/safety_pkg/lib/python3.8/site-packages/safety_pkg
[0.898s] byte-compiling /home/changeme/lab2_ws/src/install/safety_pkg/lib/python3.8/site-packages/safety_pkg/pure_pursuit.py to pure_pursuit.cpython-38.pyc
[0.900s] byte-compiling /home/changeme/lab2_ws/src/install/safety_pkg/lib/python3.8/site-packages/safety_pkg/__init__.py to __init__.cpython-38.pyc
[0.900s] byte-compiling /home/changeme/lab2_ws/src/install/safety_pkg/lib/python3.8/site-packages/safety_pkg/wall_follow.py to wall_follow.cpython-38.pyc
[0.901s] byte-compiling /home/changeme/lab2_ws/src/install/safety_pkg/lib/python3.8/site-packages/safety_pkg/safety_node.py to safety_node.cpython-38.pyc
[0.902s] byte-compiling /home/changeme/lab2_ws/src/install/safety_pkg/lib/python3.8/site-packages/safety_pkg/gap_follow.py to gap_follow.cpython-38.pyc
[0.902s] running install_data
[0.902s] creating /home/changeme/lab2_ws/src/install/safety_pkg/share/ament_index
[0.902s] creating /home/changeme/lab2_ws/src/install/safety_pkg/share/ament_index/resource_index
[0.902s] creating /home/changeme/lab2_ws/src/install/safety_pkg/share/ament_index/resource_index/packages
[0.904s] copying resource/safety_pkg -> /home/changeme/lab2_ws/src/install/safety_pkg/share/ament_index/resource_index/packages
[0.904s] copying package.xml -> /home/changeme/lab2_ws/src/install/safety_pkg/share/safety_pkg
[0.904s] running install_egg_info
[0.906s] Copying ../build/safety_pkg/safety_pkg.egg-info to /home/changeme/lab2_ws/src/install/safety_pkg/lib/python3.8/site-packages/safety_pkg-0.0.0-py3.8.egg-info
[0.907s] running install_scripts
[0.921s] Installing gap_follow script to /home/changeme/lab2_ws/src/install/safety_pkg/lib/safety_pkg
[0.922s] Installing safety_node script to /home/changeme/lab2_ws/src/install/safety_pkg/lib/safety_pkg
[0.922s] Installing wall_follow script to /home/changeme/lab2_ws/src/install/safety_pkg/lib/safety_pkg
[0.922s] writing list of installed files to '/home/changeme/lab2_ws/src/build/safety_pkg/install.log'
[0.949s] Invoked command in '/home/changeme/lab2_ws/src/safety_pkg' returned '0': PYTHONPATH=/home/changeme/lab2_ws/src/build/safety_pkg/prefix_override:/usr/lib/python3/dist-packages/colcon_core/task/python/colcon_distutils_commands:/home/changeme/lab2_ws/src/install/safety_pkg/lib/python3.8/site-packages:${PYTHONPATH} /usr/bin/python3 -W ignore:setup.py install is deprecated setup.py egg_info --egg-base ../build/safety_pkg build --build-base /home/changeme/lab2_ws/src/build/safety_pkg/build install --record /home/changeme/lab2_ws/src/build/safety_pkg/install.log --install-scripts $base/lib/safety_pkg --single-version-externally-managed install_data
