[0.624s] Invoking command in '/home/changeme/lab2_ws/src/safety_pkg': PYTHONPATH=/home/changeme/lab2_ws/src/build/safety_pkg/prefix_override:/usr/lib/python3/dist-packages/colcon_core/task/python/colcon_distutils_commands:/home/changeme/lab2_ws/src/install/safety_pkg/lib/python3.8/site-packages:${PYTHONPATH} /usr/bin/python3 -W ignore:setup.py install is deprecated setup.py egg_info --egg-base ../build/safety_pkg build --build-base /home/changeme/lab2_ws/src/build/safety_pkg/build install --record /home/changeme/lab2_ws/src/build/safety_pkg/install.log --install-scripts $base/lib/safety_pkg --single-version-externally-managed install_data
[0.846s] running egg_info
[0.849s] writing ../build/safety_pkg/safety_pkg.egg-info/PKG-INFO
[0.850s] writing dependency_links to ../build/safety_pkg/safety_pkg.egg-info/dependency_links.txt
[0.850s] writing entry points to ../build/safety_pkg/safety_pkg.egg-info/entry_points.txt
[0.850s] writing requirements to ../build/safety_pkg/safety_pkg.egg-info/requires.txt
[0.850s] writing top-level names to ../build/safety_pkg/safety_pkg.egg-info/top_level.txt
[0.873s] reading manifest file '../build/safety_pkg/safety_pkg.egg-info/SOURCES.txt'
[0.874s] writing manifest file '../build/safety_pkg/safety_pkg.egg-info/SOURCES.txt'
[0.874s] running build
[0.874s] running build_py
[0.875s] running install
[0.875s] running install_lib
[0.877s] running install_data
[0.877s] running install_egg_info
[0.880s] removing '/home/changeme/lab2_ws/src/install/safety_pkg/lib/python3.8/site-packages/safety_pkg-0.0.0-py3.8.egg-info' (and everything under it)
[0.880s] Copying ../build/safety_pkg/safety_pkg.egg-info to /home/changeme/lab2_ws/src/install/safety_pkg/lib/python3.8/site-packages/safety_pkg-0.0.0-py3.8.egg-info
[0.880s] running install_scripts
[0.892s] Installing gap_follow script to /home/changeme/lab2_ws/src/install/safety_pkg/lib/safety_pkg
[0.892s] Installing safety_node script to /home/changeme/lab2_ws/src/install/safety_pkg/lib/safety_pkg
[0.893s] Installing wall_follow script to /home/changeme/lab2_ws/src/install/safety_pkg/lib/safety_pkg
[0.893s] writing list of installed files to '/home/changeme/lab2_ws/src/build/safety_pkg/install.log'
[0.921s] Invoked command in '/home/changeme/lab2_ws/src/safety_pkg' returned '0': PYTHONPATH=/home/changeme/lab2_ws/src/build/safety_pkg/prefix_override:/usr/lib/python3/dist-packages/colcon_core/task/python/colcon_distutils_commands:/home/changeme/lab2_ws/src/install/safety_pkg/lib/python3.8/site-packages:${PYTHONPATH} /usr/bin/python3 -W ignore:setup.py install is deprecated setup.py egg_info --egg-base ../build/safety_pkg build --build-base /home/changeme/lab2_ws/src/build/safety_pkg/build install --record /home/changeme/lab2_ws/src/build/safety_pkg/install.log --install-scripts $base/lib/safety_pkg --single-version-externally-managed install_data
