/home/changeme/lab2_ws/src/install/safety_pkg/lib/python3.8/site-packages/safety_pkg/pure_pursuit.py
/home/changeme/lab2_ws/src/install/safety_pkg/lib/python3.8/site-packages/safety_pkg/__init__.py
/home/changeme/lab2_ws/src/install/safety_pkg/lib/python3.8/site-packages/safety_pkg/wall_follow.py
/home/changeme/lab2_ws/src/install/safety_pkg/lib/python3.8/site-packages/safety_pkg/safety_node.py
/home/changeme/lab2_ws/src/install/safety_pkg/lib/python3.8/site-packages/safety_pkg/gap_follow.py
/home/changeme/lab2_ws/src/install/safety_pkg/lib/python3.8/site-packages/safety_pkg/__pycache__/pure_pursuit.cpython-38.pyc
/home/changeme/lab2_ws/src/install/safety_pkg/lib/python3.8/site-packages/safety_pkg/__pycache__/__init__.cpython-38.pyc
/home/changeme/lab2_ws/src/install/safety_pkg/lib/python3.8/site-packages/safety_pkg/__pycache__/wall_follow.cpython-38.pyc
/home/changeme/lab2_ws/src/install/safety_pkg/lib/python3.8/site-packages/safety_pkg/__pycache__/safety_node.cpython-38.pyc
/home/changeme/lab2_ws/src/install/safety_pkg/lib/python3.8/site-packages/safety_pkg/__pycache__/gap_follow.cpython-38.pyc
/home/changeme/lab2_ws/src/install/safety_pkg/share/ament_index/resource_index/packages/safety_pkg
/home/changeme/lab2_ws/src/install/safety_pkg/share/safety_pkg/package.xml
/home/changeme/lab2_ws/src/install/safety_pkg/lib/python3.8/site-packages/safety_pkg-0.0.0-py3.8.egg-info/SOURCES.txt
/home/changeme/lab2_ws/src/install/safety_pkg/lib/python3.8/site-packages/safety_pkg-0.0.0-py3.8.egg-info/dependency_links.txt
/home/changeme/lab2_ws/src/install/safety_pkg/lib/python3.8/site-packages/safety_pkg-0.0.0-py3.8.egg-info/entry_points.txt
/home/changeme/lab2_ws/src/install/safety_pkg/lib/python3.8/site-packages/safety_pkg-0.0.0-py3.8.egg-info/top_level.txt
/home/changeme/lab2_ws/src/install/safety_pkg/lib/python3.8/site-packages/safety_pkg-0.0.0-py3.8.egg-info/zip-safe
/home/changeme/lab2_ws/src/install/safety_pkg/lib/python3.8/site-packages/safety_pkg-0.0.0-py3.8.egg-info/requires.txt
/home/changeme/lab2_ws/src/install/safety_pkg/lib/python3.8/site-packages/safety_pkg-0.0.0-py3.8.egg-info/PKG-INFO
/home/changeme/lab2_ws/src/install/safety_pkg/lib/safety_pkg/gap_follow
/home/changeme/lab2_ws/src/install/safety_pkg/lib/safety_pkg/safety_node
/home/changeme/lab2_ws/src/install/safety_pkg/lib/safety_pkg/wall_follow
