running egg_info
writing ../build/safety_pkg/safety_pkg.egg-info/PKG-INFO
writing dependency_links to ../build/safety_pkg/safety_pkg.egg-info/dependency_links.txt
writing entry points to ../build/safety_pkg/safety_pkg.egg-info/entry_points.txt
writing requirements to ../build/safety_pkg/safety_pkg.egg-info/requires.txt
writing top-level names to ../build/safety_pkg/safety_pkg.egg-info/top_level.txt
reading manifest file '../build/safety_pkg/safety_pkg.egg-info/SOURCES.txt'
writing manifest file '../build/safety_pkg/safety_pkg.egg-info/SOURCES.txt'
running build
running build_py
copying safety_pkg/pure_pursuit.py -> /home/changeme/lab2_ws/src/build/safety_pkg/build/lib/safety_pkg
running install
running install_lib
copying /home/changeme/lab2_ws/src/build/safety_pkg/build/lib/safety_pkg/pure_pursuit.py -> /home/changeme/lab2_ws/src/install/safety_pkg/lib/python3.8/site-packages/safety_pkg
byte-compiling /home/changeme/lab2_ws/src/install/safety_pkg/lib/python3.8/site-packages/safety_pkg/pure_pursuit.py to pure_pursuit.cpython-38.pyc
running install_data
running install_egg_info
removing '/home/changeme/lab2_ws/src/install/safety_pkg/lib/python3.8/site-packages/safety_pkg-0.0.0-py3.8.egg-info' (and everything under it)
Copying ../build/safety_pkg/safety_pkg.egg-info to /home/changeme/lab2_ws/src/install/safety_pkg/lib/python3.8/site-packages/safety_pkg-0.0.0-py3.8.egg-info
running install_scripts
Installing gap_follow script to /home/changeme/lab2_ws/src/install/safety_pkg/lib/safety_pkg
Installing safety_node script to /home/changeme/lab2_ws/src/install/safety_pkg/lib/safety_pkg
Installing wall_follow script to /home/changeme/lab2_ws/src/install/safety_pkg/lib/safety_pkg
writing list of installed files to '/home/changeme/lab2_ws/src/build/safety_pkg/install.log'
